xrun(64): 23.09-s013: (c) Copyright 1995-2024 Cadence Design Systems, Inc.
TOOL:	xrun(64)	23.09-s013: Started on Oct 31, 2025 at 01:40:29 EDT
xrun
	-top cache_fsm_tb
	and4.vhd
	gates.vhd
	dff_fall.vhd
	dff_rise.vhd
	d_latch.vhd
	decoder.vhd
	mux_comp.vhd
	reg3_rise.vhd
	reg5_rise.vhd
	reg3_fall.vhd
	reg5_fall.vhd
	counter_adder.vhd
	comparator.vhd
	state_register.vhd
	counter_logic.vhd
	next_state_logic.vhd
	output_logic.vhd
	cache_fsm_struct.vhd
	cache_fsm_tb.vhd
	-gui
	-access rwc
Recompiling... reason: file './comparator.vhd' is newer than expected.
	expected: Fri Oct 31 01:13:40 2025
	actual:   Fri Oct 31 01:40:22 2025
and4.vhd:
	errors: 0, warnings: 0
gates.vhd:
	errors: 0, warnings: 0
reg5_rise.vhd:
	errors: 0, warnings: 0
reg3_fall.vhd:
	errors: 0, warnings: 0
counter_adder.vhd:
	errors: 0, warnings: 0
comparator.vhd:
    a   : in  STD_LOGIC_VECTOR(4 downto 0);
                             |
xmvhdl_p: *E,IDENTU (comparator.vhd,206|29): identifier (STD_LOGIC_VECTOR) is not declared [10.3].
    gte : out STD_LOGIC
                      |
xmvhdl_p: *E,IDENTU (comparator.vhd,207|22): identifier (STD_LOGIC) is not declared [10.3].
    a   : in  STD_LOGIC_VECTOR(4 downto 0);
                             |
xmvhdl_p: *E,IDENTU (comparator.vhd,223|29): identifier (STD_LOGIC_VECTOR) is not declared [10.3].
    gte : out STD_LOGIC
                      |
xmvhdl_p: *E,IDENTU (comparator.vhd,224|22): identifier (STD_LOGIC) is not declared [10.3].
    a   : in  STD_LOGIC_VECTOR(4 downto 0);
                             |
xmvhdl_p: *E,IDENTU (comparator.vhd,256|29): identifier (STD_LOGIC_VECTOR) is not declared [10.3].
    gte : out STD_LOGIC
                      |
xmvhdl_p: *E,IDENTU (comparator.vhd,257|22): identifier (STD_LOGIC) is not declared [10.3].
	errors: 6, warnings: 0
xrun: *E,VHLERR: Error during parsing VHDL file (status 1), exiting.
TOOL:	xrun(64)	23.09-s013: Exiting on Oct 31, 2025 at 01:40:30 EDT  (total: 00:00:01)
