/umbc/software/cadence/installs/XCELIUM2309/tools.lnx86/simvision/bin/64bit/simvision.exe
Obtained 133 stack frames.
/umbc/software/cadence/installs/XCELIUM2309/tools.lnx86/simvision/bin/64bit/../../../lib/64bit/libcbreakpad.so(_Z13use_backtracev+0x9d) [0x7f4c457421a3]
/umbc/software/cadence/installs/XCELIUM2309/tools.lnx86/simvision/bin/64bit/../../../lib/64bit/libcbreakpad.so(cbpad_generate_dump_on_demand+0x66) [0x7f4c45742630]
/umbc/software/cadence/installs/XCELIUM2309/tools.lnx86/simvision/bin/64bit/simvision.exe(svSigHandler+0xcf) [0x5aad61]
/lib64/libc.so.6(+0x3ebf0) [0x7f4c4683ebf0]
/umbc/software/cadence/installs/XCELIUM2309/tools.lnx86/simvision/bin/64bit/simvision.exe(Stf_NotifierFire+0x156) [0xc0b549]
/umbc/software/cadence/installs/XCELIUM2309/tools.lnx86/simvision/bin/64bit/simvision.exe() [0xc0b892]
/umbc/software/cadence/installs/XCELIUM2309/tools.lnx86/simvision/bin/64bit/simvision.exe(Itcl_EvalMemberCode+0x292) [0xfa5e59]
/umbc/software/cadence/installs/XCELIUM2309/tools.lnx86/simvision/bin/64bit/simvision.exe(Itcl_ExecMethod+0xb7) [0xfa679a]
/umbc/software/cadence/installs/XCELIUM2309/tools.lnx86/simvision/bin/64bit/simvision.exe(Itcl_EvalArgs+0x47) [0xfabe2a]
/umbc/software/cadence/installs/XCELIUM2309/tools.lnx86/simvision/bin/64bit/simvision.exe(Itcl_HandleInstance+0xf0) [0xfa6fd8]
/umbc/software/cadence/installs/XCELIUM2309/tools.lnx86/simvision/bin/64bit/simvision.exe(TclEvalObjvInternal+0x286) [0xe9db26]
/umbc/software/cadence/installs/XCELIUM2309/tools.lnx86/simvision/bin/64bit/simvision.exe() [0xec4f0f]
/umbc/software/cadence/installs/XCELIUM2309/tools.lnx86/simvision/bin/64bit/simvision.exe(TclCompEvalObj+0xf0) [0xec8ce0]
/umbc/software/cadence/installs/XCELIUM2309/tools.lnx86/simvision/bin/64bit/simvision.exe(Tcl_EvalObjEx+0xb6) [0xe9fab6]
/umbc/software/cadence/installs/XCELIUM2309/tools.lnx86/simvision/bin/64bit/simvision.exe() [0xee32ee]
/umbc/software/cadence/installs/XCELIUM2309/tools.lnx86/simvision/bin/64bit/simvision.exe(Tcl_NamespaceObjCmd+0x3de) [0xee50ee]
/umbc/software/cadence/installs/XCELIUM2309/tools.lnx86/simvision/bin/64bit/simvision.exe(TclEvalObjvInternal+0x286) [0xe9db26]
/umbc/software/cadence/installs/XCELIUM2309/tools.lnx86/simvision/bin/64bit/simvision.exe(Tcl_EvalEx+0x468) [0xe9f338]
/umbc/software/cadence/installs/XCELIUM2309/tools.lnx86/simvision/bin/64bit/simvision.exe() [0xef379d]
/umbc/software/cadence/installs/XCELIUM2309/tools.lnx86/simvision/bin/64bit/simvision.exe(TclServiceIdle+0x37) [0xef3f47]
/umbc/software/cadence/installs/XCELIUM2309/tools.lnx86/simvision/bin/64bit/simvision.exe(Tcl_DoOneEvent+0x6c) [0xee5fac]
/umbc/software/cadence/installs/XCELIUM2309/tools.lnx86/simvision/bin/64bit/simvision.exe() [0xf375b1]
/umbc/software/cadence/installs/XCELIUM2309/tools.lnx86/simvision/bin/64bit/simvision.exe(TclServiceIdle+0x37) [0xef3f47]
/umbc/software/cadence/installs/XCELIUM2309/tools.lnx86/simvision/bin/64bit/simvision.exe(Tcl_DoOneEvent+0x6c) [0xee5fac]
/umbc/software/cadence/installs/XCELIUM2309/tools.lnx86/simvision/bin/64bit/simvision.exe(Tk_UpdateObjCmd+0x86) [0xf1b91b]
/umbc/software/cadence/installs/XCELIUM2309/tools.lnx86/simvision/bin/64bit/simvision.exe(TclEvalObjvInternal+0x286) [0xe9db26]
/umbc/software/cadence/installs/XCELIUM2309/tools.lnx86/simvision/bin/64bit/simvision.exe() [0xec4f0f]
/umbc/software/cadence/installs/XCELIUM2309/tools.lnx86/simvision/bin/64bit/simvision.exe(TclCompEvalObj+0xf0) [0xec8ce0]
/umbc/software/cadence/installs/XCELIUM2309/tools.lnx86/simvision/bin/64bit/simvision.exe(Tcl_EvalObjEx+0xb6) [0xe9fab6]
/umbc/software/cadence/installs/XCELIUM2309/tools.lnx86/simvision/bin/64bit/simvision.exe(Itcl_EvalMemberCode+0x230) [0xfa5df7]
/umbc/software/cadence/installs/XCELIUM2309/tools.lnx86/simvision/bin/64bit/simvision.exe(Itcl_ExecMethod+0xb7) [0xfa679a]
/umbc/software/cadence/installs/XCELIUM2309/tools.lnx86/simvision/bin/64bit/simvision.exe(Itcl_EvalArgs+0x47) [0xfabe2a]
/umbc/software/cadence/installs/XCELIUM2309/tools.lnx86/simvision/bin/64bit/simvision.exe(Itcl_BiChainCmd+0x13f) [0xfac8cf]
/umbc/software/cadence/installs/XCELIUM2309/tools.lnx86/simvision/bin/64bit/simvision.exe(TclEvalObjvInternal+0x286) [0xe9db26]
/umbc/software/cadence/installs/XCELIUM2309/tools.lnx86/simvision/bin/64bit/simvision.exe() [0xec4f0f]
/umbc/software/cadence/installs/XCELIUM2309/tools.lnx86/simvision/bin/64bit/simvision.exe(TclCompEvalObj+0xf0) [0xec8ce0]
/umbc/software/cadence/installs/XCELIUM2309/tools.lnx86/simvision/bin/64bit/simvision.exe(Tcl_EvalObjEx+0xb6) [0xe9fab6]
/umbc/software/cadence/installs/XCELIUM2309/tools.lnx86/simvision/bin/64bit/simvision.exe(Itcl_EvalMemberCode+0x230) [0xfa5df7]
/umbc/software/cadence/installs/XCELIUM2309/tools.lnx86/simvision/bin/64bit/simvision.exe(Itcl_ExecMethod+0xb7) [0xfa679a]
/umbc/software/cadence/installs/XCELIUM2309/tools.lnx86/simvision/bin/64bit/simvision.exe(Itcl_EvalArgs+0x47) [0xfabe2a]
/umbc/software/cadence/installs/XCELIUM2309/tools.lnx86/simvision/bin/64bit/simvision.exe(Itcl_HandleInstance+0xf0) [0xfa6fd8]
/umbc/software/cadence/installs/XCELIUM2309/tools.lnx86/simvision/bin/64bit/simvision.exe(TclEvalObjvInternal+0x286) [0xe9db26]
/umbc/software/cadence/installs/XCELIUM2309/tools.lnx86/simvision/bin/64bit/simvision.exe() [0xec4f0f]
/umbc/software/cadence/installs/XCELIUM2309/tools.lnx86/simvision/bin/64bit/simvision.exe(TclCompEvalObj+0xf0) [0xec8ce0]
/umbc/software/cadence/installs/XCELIUM2309/tools.lnx86/simvision/bin/64bit/simvision.exe(Tcl_EvalObjEx+0xb6) [0xe9fab6]
/umbc/software/cadence/installs/XCELIUM2309/tools.lnx86/simvision/bin/64bit/simvision.exe(Itcl_EvalMemberCode+0x230) [0xfa5df7]
/umbc/software/cadence/installs/XCELIUM2309/tools.lnx86/simvision/bin/64bit/simvision.exe(Itcl_ExecMethod+0xb7) [0xfa679a]
/umbc/software/cadence/installs/XCELIUM2309/tools.lnx86/simvision/bin/64bit/simvision.exe(Itcl_EvalArgs+0x47) [0xfabe2a]
/umbc/software/cadence/installs/XCELIUM2309/tools.lnx86/simvision/bin/64bit/simvision.exe(Itcl_HandleInstance+0xf0) [0xfa6fd8]
/umbc/software/cadence/installs/XCELIUM2309/tools.lnx86/simvision/bin/64bit/simvision.exe(TclEvalObjvInternal+0x286) [0xe9db26]
/umbc/software/cadence/installs/XCELIUM2309/tools.lnx86/simvision/bin/64bit/simvision.exe() [0xec4f0f]
/umbc/software/cadence/installs/XCELIUM2309/tools.lnx86/simvision/bin/64bit/simvision.exe(TclCompEvalObj+0xf0) [0xec8ce0]
/umbc/software/cadence/installs/XCELIUM2309/tools.lnx86/simvision/bin/64bit/simvision.exe(TclObjInterpProc+0x1f9) [0xeee8f9]
/umbc/software/cadence/installs/XCELIUM2309/tools.lnx86/simvision/bin/64bit/simvision.exe(TclEvalObjvInternal+0x286) [0xe9db26]
/umbc/software/cadence/installs/XCELIUM2309/tools.lnx86/simvision/bin/64bit/simvision.exe() [0xec4f0f]
/umbc/software/cadence/installs/XCELIUM2309/tools.lnx86/simvision/bin/64bit/simvision.exe(TclCompEvalObj+0xf0) [0xec8ce0]
/umbc/software/cadence/installs/XCELIUM2309/tools.lnx86/simvision/bin/64bit/simvision.exe(TclObjInterpProc+0x1f9) [0xeee8f9]
/umbc/software/cadence/installs/XCELIUM2309/tools.lnx86/simvision/bin/64bit/simvision.exe(TclEvalObjvInternal+0x286) [0xe9db26]
/umbc/software/cadence/installs/XCELIUM2309/tools.lnx86/simvision/bin/64bit/simvision.exe(Tcl_EvalEx+0x468) [0xe9f338]
/umbc/software/cadence/installs/XCELIUM2309/tools.lnx86/simvision/bin/64bit/simvision.exe(Tcl_EvalObjEx+0x62) [0xe9fa62]
/umbc/software/cadence/installs/XCELIUM2309/tools.lnx86/simvision/bin/64bit/simvision.exe(Tcl_EvalObjCmd+0x39) [0xea39a9]
/umbc/software/cadence/installs/XCELIUM2309/tools.lnx86/simvision/bin/64bit/simvision.exe(TclEvalObjvInternal+0x286) [0xe9db26]
/umbc/software/cadence/installs/XCELIUM2309/tools.lnx86/simvision/bin/64bit/simvision.exe() [0xec4f0f]
/umbc/software/cadence/installs/XCELIUM2309/tools.lnx86/simvision/bin/64bit/simvision.exe(TclCompEvalObj+0xf0) [0xec8ce0]
/umbc/software/cadence/installs/XCELIUM2309/tools.lnx86/simvision/bin/64bit/simvision.exe(TclObjInterpProc+0x1f9) [0xeee8f9]
/umbc/software/cadence/installs/XCELIUM2309/tools.lnx86/simvision/bin/64bit/simvision.exe(TclEvalObjvInternal+0x286) [0xe9db26]
/umbc/software/cadence/installs/XCELIUM2309/tools.lnx86/simvision/bin/64bit/simvision.exe(Tcl_EvalObjv+0xd1) [0xe9edb1]
/umbc/software/cadence/installs/XCELIUM2309/tools.lnx86/simvision/bin/64bit/simvision.exe(Tcl_EvalObjEx+0x1a9) [0xe9fba9]
/umbc/software/cadence/installs/XCELIUM2309/tools.lnx86/simvision/bin/64bit/simvision.exe(Tcl_UplevelObjCmd+0xe0) [0xeee440]
/umbc/software/cadence/installs/XCELIUM2309/tools.lnx86/simvision/bin/64bit/simvision.exe(TclEvalObjvInternal+0x286) [0xe9db26]
/umbc/software/cadence/installs/XCELIUM2309/tools.lnx86/simvision/bin/64bit/simvision.exe() [0xec4f0f]
/umbc/software/cadence/installs/XCELIUM2309/tools.lnx86/simvision/bin/64bit/simvision.exe(TclCompEvalObj+0xf0) [0xec8ce0]
/umbc/software/cadence/installs/XCELIUM2309/tools.lnx86/simvision/bin/64bit/simvision.exe(TclObjInterpProc+0x1f9) [0xeee8f9]
/umbc/software/cadence/installs/XCELIUM2309/tools.lnx86/simvision/bin/64bit/simvision.exe(TclEvalObjvInternal+0x286) [0xe9db26]
/umbc/software/cadence/installs/XCELIUM2309/tools.lnx86/simvision/bin/64bit/simvision.exe(TclEvalObjvInternal+0x408) [0xe9dca8]
/umbc/software/cadence/installs/XCELIUM2309/tools.lnx86/simvision/bin/64bit/simvision.exe(Tcl_EvalEx+0x468) [0xe9f338]
/umbc/software/cadence/installs/XCELIUM2309/tools.lnx86/simvision/bin/64bit/simvision.exe(Tcl_EvalObjEx+0x62) [0xe9fa62]
/umbc/software/cadence/installs/XCELIUM2309/tools.lnx86/simvision/bin/64bit/simvision.exe(Tcl_EvalObjCmd+0x39) [0xea39a9]
/umbc/software/cadence/installs/XCELIUM2309/tools.lnx86/simvision/bin/64bit/simvision.exe(TclEvalObjvInternal+0x286) [0xe9db26]
/umbc/software/cadence/installs/XCELIUM2309/tools.lnx86/simvision/bin/64bit/simvision.exe() [0xec4f0f]
/umbc/software/cadence/installs/XCELIUM2309/tools.lnx86/simvision/bin/64bit/simvision.exe(TclCompEvalObj+0xf0) [0xec8ce0]
/umbc/software/cadence/installs/XCELIUM2309/tools.lnx86/simvision/bin/64bit/simvision.exe(Tcl_EvalObjEx+0xb6) [0xe9fab6]
/umbc/software/cadence/installs/XCELIUM2309/tools.lnx86/simvision/bin/64bit/simvision.exe(Itcl_EvalMemberCode+0x230) [0xfa5df7]
/umbc/software/cadence/installs/XCELIUM2309/tools.lnx86/simvision/bin/64bit/simvision.exe(Itcl_ExecProc+0x5e) [0xfa68c1]
/umbc/software/cadence/installs/XCELIUM2309/tools.lnx86/simvision/bin/64bit/simvision.exe(TclEvalObjvInternal+0x286) [0xe9db26]
/umbc/software/cadence/installs/XCELIUM2309/tools.lnx86/simvision/bin/64bit/simvision.exe(Tcl_EvalObjv+0xd1) [0xe9edb1]
/umbc/software/cadence/installs/XCELIUM2309/tools.lnx86/simvision/bin/64bit/simvision.exe(Tcl_EvalObjEx+0x1a9) [0xe9fba9]
/umbc/software/cadence/installs/XCELIUM2309/tools.lnx86/simvision/bin/64bit/simvision.exe(Tcl_UplevelObjCmd+0xe0) [0xeee440]
/umbc/software/cadence/installs/XCELIUM2309/tools.lnx86/simvision/bin/64bit/simvision.exe(TclEvalObjvInternal+0x286) [0xe9db26]
/umbc/software/cadence/installs/XCELIUM2309/tools.lnx86/simvision/bin/64bit/simvision.exe() [0xec4f0f]
/umbc/software/cadence/installs/XCELIUM2309/tools.lnx86/simvision/bin/64bit/simvision.exe(TclCompEvalObj+0xf0) [0xec8ce0]
/umbc/software/cadence/installs/XCELIUM2309/tools.lnx86/simvision/bin/64bit/simvision.exe(TclObjInterpProc+0x1f9) [0xeee8f9]
/umbc/software/cadence/installs/XCELIUM2309/tools.lnx86/simvision/bin/64bit/simvision.exe(TclEvalObjvInternal+0x286) [0xe9db26]
/umbc/software/cadence/installs/XCELIUM2309/tools.lnx86/simvision/bin/64bit/simvision.exe(TclEvalObjvInternal+0x408) [0xe9dca8]
/umbc/software/cadence/installs/XCELIUM2309/tools.lnx86/simvision/bin/64bit/simvision.exe() [0xec4f0f]
/umbc/software/cadence/installs/XCELIUM2309/tools.lnx86/simvision/bin/64bit/simvision.exe(TclCompEvalObj+0xf0) [0xec8ce0]
/umbc/software/cadence/installs/XCELIUM2309/tools.lnx86/simvision/bin/64bit/simvision.exe(Tcl_EvalObjEx+0xb6) [0xe9fab6]
/umbc/software/cadence/installs/XCELIUM2309/tools.lnx86/simvision/bin/64bit/simvision.exe(Tcl_SwitchObjCmd+0x22d) [0xeae0fd]
/umbc/software/cadence/installs/XCELIUM2309/tools.lnx86/simvision/bin/64bit/simvision.exe(TclEvalObjvInternal+0x286) [0xe9db26]
/umbc/software/cadence/installs/XCELIUM2309/tools.lnx86/simvision/bin/64bit/simvision.exe() [0xec4f0f]
/umbc/software/cadence/installs/XCELIUM2309/tools.lnx86/simvision/bin/64bit/simvision.exe(TclCompEvalObj+0xf0) [0xec8ce0]
/umbc/software/cadence/installs/XCELIUM2309/tools.lnx86/simvision/bin/64bit/simvision.exe(TclObjInterpProc+0x1f9) [0xeee8f9]
/umbc/software/cadence/installs/XCELIUM2309/tools.lnx86/simvision/bin/64bit/simvision.exe(TclEvalObjvInternal+0x286) [0xe9db26]
/umbc/software/cadence/installs/XCELIUM2309/tools.lnx86/simvision/bin/64bit/simvision.exe(Tcl_EvalObjv+0xd1) [0xe9edb1]
/umbc/software/cadence/installs/XCELIUM2309/tools.lnx86/simvision/bin/64bit/simvision.exe(Tcl_EvalObjEx+0x1a9) [0xe9fba9]
/umbc/software/cadence/installs/XCELIUM2309/tools.lnx86/simvision/bin/64bit/simvision.exe(Tcl_UplevelObjCmd+0xe0) [0xeee440]
/umbc/software/cadence/installs/XCELIUM2309/tools.lnx86/simvision/bin/64bit/simvision.exe(TclEvalObjvInternal+0x286) [0xe9db26]
/umbc/software/cadence/installs/XCELIUM2309/tools.lnx86/simvision/bin/64bit/simvision.exe() [0xec4f0f]
/umbc/software/cadence/installs/XCELIUM2309/tools.lnx86/simvision/bin/64bit/simvision.exe(TclCompEvalObj+0xf0) [0xec8ce0]
/umbc/software/cadence/installs/XCELIUM2309/tools.lnx86/simvision/bin/64bit/simvision.exe(TclObjInterpProc+0x1f9) [0xeee8f9]
/umbc/software/cadence/installs/XCELIUM2309/tools.lnx86/simvision/bin/64bit/simvision.exe(TclEvalObjvInternal+0x286) [0xe9db26]
/umbc/software/cadence/installs/XCELIUM2309/tools.lnx86/simvision/bin/64bit/simvision.exe(TclEvalObjvInternal+0x408) [0xe9dca8]
/umbc/software/cadence/installs/XCELIUM2309/tools.lnx86/simvision/bin/64bit/simvision.exe() [0xec4f0f]
/umbc/software/cadence/installs/XCELIUM2309/tools.lnx86/simvision/bin/64bit/simvision.exe(TclCompEvalObj+0xf0) [0xec8ce0]
/umbc/software/cadence/installs/XCELIUM2309/tools.lnx86/simvision/bin/64bit/simvision.exe(TclObjInterpProc+0x1f9) [0xeee8f9]
/umbc/software/cadence/installs/XCELIUM2309/tools.lnx86/simvision/bin/64bit/simvision.exe(TclEvalObjvInternal+0x286) [0xe9db26]
/umbc/software/cadence/installs/XCELIUM2309/tools.lnx86/simvision/bin/64bit/simvision.exe(Tcl_EvalObjv+0xd1) [0xe9edb1]
/umbc/software/cadence/installs/XCELIUM2309/tools.lnx86/simvision/bin/64bit/simvision.exe(Tcl_EvalObjEx+0x1a9) [0xe9fba9]
/umbc/software/cadence/installs/XCELIUM2309/tools.lnx86/simvision/bin/64bit/simvision.exe(Tcl_UplevelObjCmd+0xe0) [0xeee440]
/umbc/software/cadence/installs/XCELIUM2309/tools.lnx86/simvision/bin/64bit/simvision.exe(TclEvalObjvInternal+0x286) [0xe9db26]
/umbc/software/cadence/installs/XCELIUM2309/tools.lnx86/simvision/bin/64bit/simvision.exe() [0xec4f0f]
/umbc/software/cadence/installs/XCELIUM2309/tools.lnx86/simvision/bin/64bit/simvision.exe(TclCompEvalObj+0xf0) [0xec8ce0]
/umbc/software/cadence/installs/XCELIUM2309/tools.lnx86/simvision/bin/64bit/simvision.exe(TclObjInterpProc+0x1f9) [0xeee8f9]
/umbc/software/cadence/installs/XCELIUM2309/tools.lnx86/simvision/bin/64bit/simvision.exe(TclEvalObjvInternal+0x286) [0xe9db26]
/umbc/software/cadence/installs/XCELIUM2309/tools.lnx86/simvision/bin/64bit/simvision.exe(TclEvalObjvInternal+0x408) [0xe9dca8]
/umbc/software/cadence/installs/XCELIUM2309/tools.lnx86/simvision/bin/64bit/simvision.exe(Tcl_EvalEx+0x468) [0xe9f338]
/umbc/software/cadence/installs/XCELIUM2309/tools.lnx86/simvision/bin/64bit/simvision.exe(Tcl_Eval+0x16) [0xe9f9a6]
/umbc/software/cadence/installs/XCELIUM2309/tools.lnx86/simvision/bin/64bit/simvision.exe(Tcl_AppInit+0xf1e) [0x5abd18]
/umbc/software/cadence/installs/XCELIUM2309/tools.lnx86/simvision/bin/64bit/simvision.exe(Pro_WrapTkMain+0x749) [0x5b56a7]
/umbc/software/cadence/installs/XCELIUM2309/tools.lnx86/simvision/bin/64bit/simvision.exe(main+0xd0) [0x5a8a2d]
/lib64/libc.so.6(+0x295d0) [0x7f4c468295d0]
/lib64/libc.so.6(__libc_start_main+0x80) [0x7f4c46829680]
/umbc/software/cadence/installs/XCELIUM2309/tools.lnx86/simvision/bin/64bit/simvision.exe() [0x59d9a6]
